[debug] [2021-07-22T07:09:00.756Z] ----------------------------------------------------------------------
[debug] [2021-07-22T07:09:00.758Z] Command:       C:\Program Files\nodejs\node.exe C:\Users\naman\AppData\Roaming\npm\node_modules\firebase-tools\lib\bin\firebase.js init
[debug] [2021-07-22T07:09:00.758Z] CLI Version:   9.16.0
[debug] [2021-07-22T07:09:00.758Z] Platform:      win32
[debug] [2021-07-22T07:09:00.758Z] Node Version:  v16.4.0
[debug] [2021-07-22T07:09:00.759Z] Time:          Thu Jul 22 2021 12:39:00 GMT+0530 (India Standard Time)
[debug] [2021-07-22T07:09:00.759Z] ----------------------------------------------------------------------
[debug] 
[debug] [2021-07-22T07:09:00.816Z] > command requires scopes: ["email","openid","https://www.googleapis.com/auth/cloudplatformprojects.readonly","https://www.googleapis.com/auth/firebase","https://www.googleapis.com/auth/cloud-platform"]
[debug] [2021-07-22T07:09:00.817Z] > authorizing via signed-in user (namanchitkara1@gmail.com)
[info] 
     ######## #### ########  ######## ########     ###     ######  ########
     ##        ##  ##     ## ##       ##     ##  ##   ##  ##       ##
     ######    ##  ########  ######   ########  #########  ######  ######
     ##        ##  ##    ##  ##       ##     ## ##     ##       ## ##
     ##       #### ##     ## ######## ########  ##     ##  ######  ########

You're about to initialize a Firebase project in this directory:

  C:\Users\naman\Desktop\alumni

Before we get started, keep in mind:

  * You are initializing within an existing Firebase project directory

[info] 
=== Project Setup
[info] 
[info] First, let's associate this project directory with a Firebase project.
[info] You can create multiple project aliases by running firebase use --add, 
[info] but for now we'll just set up a default project.
[info] 
[info] i  .firebaserc already has a default project, using chitkara-s. 
[debug] [2021-07-22T07:09:07.267Z] > refreshing access token with scopes: []
[debug] [2021-07-22T07:09:07.267Z] >>> HTTP REQUEST POST https://www.googleapis.com/oauth2/v3/token  
 <request body omitted>
[debug] [2021-07-22T07:09:07.486Z] <<< HTTP RESPONSE 200 {"date":"Thu, 22 Jul 2021 07:09:07 GMT","expires":"Mon, 01 Jan 1990 00:00:00 GMT","pragma":"no-cache","cache-control":"no-cache, no-store, max-age=0, must-revalidate","content-type":"application/json; charset=utf-8","vary":"X-Origin, Referer, Origin,Accept-Encoding","server":"scaffolding on HTTPServer2","x-xss-protection":"0","x-frame-options":"SAMEORIGIN","x-content-type-options":"nosniff","alt-svc":"h3=\":443\"; ma=2592000,h3-29=\":443\"; ma=2592000,h3-T051=\":443\"; ma=2592000,h3-Q050=\":443\"; ma=2592000,h3-Q046=\":443\"; ma=2592000,h3-Q043=\":443\"; ma=2592000,quic=\":443\"; ma=2592000; v=\"46,43\"","accept-ranges":"none","transfer-encoding":"chunked"}
[debug] [2021-07-22T07:09:07.511Z] >>> [apiv2][query] GET https://firebase.googleapis.com/v1beta1/projects/chitkara-s [none]
[debug] [2021-07-22T07:09:07.820Z] <<< [apiv2][status] GET https://firebase.googleapis.com/v1beta1/projects/chitkara-s 200
[debug] [2021-07-22T07:09:07.820Z] <<< [apiv2][body] GET https://firebase.googleapis.com/v1beta1/projects/chitkara-s {"projectId":"chitkara-s","projectNumber":"257393251845","displayName":"Chitkara's","name":"projects/chitkara-s","resources":{"hostingSite":"chitkara-s","realtimeDatabaseInstance":"chitkara-s-default-rtdb"},"state":"ACTIVE"}
[info] 
=== Hosting Setup
[info] 
[info] Your public directory is the folder (relative to your project directory) that
[info] will contain Hosting assets to be uploaded with firebase deploy. If you
[info] have a build process for your assets, use your build's output directory.
[info] 
[info] +  Wrote public/404.html 
[debug] [2021-07-22T07:09:30.197Z] >>> [apiv2][query] GET https://www.gstatic.com/firebasejs/releases.json [none]
[debug] [2021-07-22T07:09:30.295Z] <<< [apiv2][status] GET https://www.gstatic.com/firebasejs/releases.json 200
[debug] [2021-07-22T07:09:30.295Z] <<< [apiv2][body] GET https://www.gstatic.com/firebasejs/releases.json {"current":{"version":"8.7.1","browserURL":"https://www.gstatic.com/firebasejs/8.7.1/firebase.js","packageURL":"https://www.gstatic.com/firebasejs/8.7.1/firebase.tgz"},"live":{"version":"8.7","browserURL":"https://www.gstatic.com/firebasejs/live/8.7/firebase.js","packageURL":"https://www.gstatic.com/firebasejs/live/8.7/firebase.tgz"},"components":{"analytics":"https://www.gstatic.com/firebasejs/8.7.1/firebase-analytics.js","app":"https://www.gstatic.com/firebasejs/8.7.1/firebase-app.js","app-check":"https://www.gstatic.com/firebasejs/8.7.1/firebase-app-check.js","auth":"https://www.gstatic.com/firebasejs/8.7.1/firebase-auth.js","database":"https://www.gstatic.com/firebasejs/8.7.1/firebase-database.js","firestore":"https://www.gstatic.com/firebasejs/8.7.1/firebase-firestore.js","functions":"https://www.gstatic.com/firebasejs/8.7.1/firebase-functions.js","installations":"https://www.gstatic.com/firebasejs/8.7.1/firebase-installations.js","messaging":"https://www.gstatic.com/firebasejs/8.7.1/firebase-messaging.js","storage":"https://www.gstatic.com/firebasejs/8.7.1/firebase-storage.js","performance":"https://www.gstatic.com/firebasejs/8.7.1/firebase-performance.js","remote-config":"https://www.gstatic.com/firebasejs/8.7.1/firebase-remote-config.js","firestore.memory":"https://www.gstatic.com/firebasejs/8.7.1/firebase-firestore.memory.js"}}
[info] +  Wrote public/index.html 
[info] 
[info] i  Didn't detect a .git folder. Assuming C:\Users\naman\Desktop\alumni is the project root. 
[info] i  Authorizing with GitHub to upload your service account to a GitHub repository's secrets store. 
[info] 
[info] Visit this URL on this device to log in:
[info] https://github.com/login/oauth/authorize?client_id=89cf50f02ac6aaed3484&state=334238839&redirect_uri=http%3A%2F%2Flocalhost%3A9005&scope=read%3Auser%20repo%20public_repo
[info] 
[info] Waiting for authentication...
[debug] [2021-07-22T07:10:04.404Z] >>> HTTP REQUEST POST https://github.com/login/oauth/access_token  
 {"client_id":"89cf50f02ac6aaed3484","client_secret":"3330d14abc895d9a74d5f17cd7a00711fa2c5bf0","code":"4f724910236abc62ac57","redirect_uri":"http://localhost:9005","state":"334238839"}
[debug] [2021-07-22T07:10:04.793Z] <<< HTTP RESPONSE 200 {"server":"GitHub.com","date":"Thu, 22 Jul 2021 07:10:05 GMT","content-type":"application/json; charset=utf-8","transfer-encoding":"chunked","vary":"X-PJAX, Accept-Encoding, Accept, X-Requested-With","permissions-policy":"interest-cohort=()","etag":"W/\"0635c1eac474180c30a0b9bf567dd6bf\"","cache-control":"max-age=0, private, must-revalidate","strict-transport-security":"max-age=31536000; includeSubdomains; preload","x-frame-options":"deny","x-content-type-options":"nosniff","x-xss-protection":"0","referrer-policy":"origin-when-cross-origin, strict-origin-when-cross-origin","expect-ct":"max-age=2592000, report-uri=\"https://api.github.com/_private/browser/errors\"","content-security-policy":"default-src 'none'; base-uri 'self'; block-all-mixed-content; connect-src 'self' uploads.github.com www.githubstatus.com collector.githubapp.com api.github.com github-cloud.s3.amazonaws.com github-production-repository-file-5c1aeb.s3.amazonaws.com github-production-upload-manifest-file-7fdce7.s3.amazonaws.com github-production-user-asset-6210df.s3.amazonaws.com cdn.optimizely.com logx.optimizely.com/v1/events translator.github.com wss://alive.github.com; font-src github.githubassets.com; form-action 'self' github.com gist.github.com; frame-ancestors 'none'; frame-src render.githubusercontent.com render-temp.githubusercontent.com viewscreen.githubusercontent.com; img-src 'self' data: github.githubassets.com identicons.github.com collector.githubapp.com github-cloud.s3.amazonaws.com secured-user-images.githubusercontent.com/ *.githubusercontent.com; manifest-src 'self'; media-src 'none'; script-src github.githubassets.com; style-src 'unsafe-inline' github.githubassets.com; worker-src github.com/socket-worker-3f088aa2.js gist.github.com/socket-worker-3f088aa2.js","x-github-request-id":"D4B5:51D3:6A5290:752562:60F919CC"}
[debug] [2021-07-22T07:10:04.798Z] >>> [apiv2][query] GET https://api.github.com/user [none]
[debug] [2021-07-22T07:10:05.227Z] <<< [apiv2][status] GET https://api.github.com/user 200
[debug] [2021-07-22T07:10:05.228Z] <<< [apiv2][body] GET https://api.github.com/user {"login":"namanchitkara1","id":34816131,"node_id":"MDQ6VXNlcjM0ODE2MTMx","avatar_url":"https://avatars.githubusercontent.com/u/34816131?v=4","gravatar_id":"","url":"https://api.github.com/users/namanchitkara1","html_url":"https://github.com/namanchitkara1","followers_url":"https://api.github.com/users/namanchitkara1/followers","following_url":"https://api.github.com/users/namanchitkara1/following{/other_user}","gists_url":"https://api.github.com/users/namanchitkara1/gists{/gist_id}","starred_url":"https://api.github.com/users/namanchitkara1/starred{/owner}{/repo}","subscriptions_url":"https://api.github.com/users/namanchitkara1/subscriptions","organizations_url":"https://api.github.com/users/namanchitkara1/orgs","repos_url":"https://api.github.com/users/namanchitkara1/repos","events_url":"https://api.github.com/users/namanchitkara1/events{/privacy}","received_events_url":"https://api.github.com/users/namanchitkara1/received_events","type":"User","site_admin":false,"name":"Naman Chitkara","company":null,"blog":"","location":"India","email":null,"hireable":null,"bio":" A detail-oriented and multitasking professional with exceptional coding techniques undergoing a Bachelors of Computer Science and Engineering at SRM Institute","twitter_username":"great_naman","public_repos":5,"public_gists":0,"followers":1,"following":3,"created_at":"2017-12-24T17:08:56Z","updated_at":"2021-07-22T07:10:04Z","private_gists":0,"total_private_repos":2,"owned_private_repos":2,"disk_usage":13693,"collaborators":0,"two_factor_authentication":false,"plan":{"name":"pro","space":976562499,"collaborators":0,"private_repos":9999}}
[info] 
[info] +  Success! Logged into GitHub as namanchitkara1 
[info] 
